<?xml version="1.0" encoding="UTF-8"?>
<!-- Generated by org.testng.reporters.JUnitReportReporter -->
<testsuite skipped="0" hostname="LAPTOP-UROEGU3T" name="com.OrangeHrm.testCases.TC001_Login_Test" tests="1" failures="0" timestamp="12 Apr 2021 04:03:31 GMT" time="2.357" errors="0">
  <testcase name="loginTest" time="2.357" classname="com.OrangeHrm.testCases.TC001_Login_Test"/>
</testsuite> <!-- com.OrangeHrm.testCases.TC001_Login_Test -->
